SF:lib\main.dart
DA:10,0
DA:11,0
DA:14,0
DA:17,3
DA:19,1
DA:23,2
DA:25,1
DA:26,1
DA:34,1
DA:36,1
DA:37,1
DA:40,1
DA:45,2
DA:47,1
DA:49,3
DA:58,2
DA:63,3
DA:65,2
DA:77,1
DA:78,1
DA:79,0
DA:80,0
DA:81,0
DA:85,1
DA:86,0
DA:87,0
DA:88,0
DA:93,0
DA:95,1
DA:96,2
DA:97,1
DA:103,1
DA:105,1
DA:108,1
DA:109,1
DA:110,1
DA:111,1
DA:120,1
DA:123,0
DA:124,0
DA:125,0
DA:127,0
DA:128,0
DA:130,0
DA:139,0
DA:141,0
DA:142,0
DA:143,0
DA:144,0
DA:145,0
DA:165,1
DA:166,0
DA:167,0
DA:168,0
DA:169,0
DA:174,0
LF:56
LH:29
end_of_record
SF:lib\services\notification_service.dart
DA:8,2
DA:9,1
DA:12,1
DA:13,3
DA:18,1
DA:23,1
DA:30,1
DA:36,2
DA:38,0
DA:42,0
DA:45,0
DA:49,0
DA:51,0
DA:57,0
DA:59,0
DA:64,0
DA:65,0
DA:67,0
DA:68,0
DA:69,0
DA:70,0
DA:74,0
DA:75,0
DA:76,0
DA:84,0
DA:99,0
DA:100,0
DA:101,0
DA:102,0
DA:104,0
DA:105,0
DA:106,0
DA:107,0
DA:111,0
DA:112,0
DA:113,0
DA:121,0
DA:128,0
DA:135,0
DA:137,0
DA:138,0
DA:143,0
DA:149,0
DA:151,0
DA:156,0
DA:158,0
DA:163,0
DA:168,0
DA:169,0
DA:177,0
DA:186,0
DA:187,0
DA:192,0
DA:194,0
DA:195,0
DA:198,0
DA:199,0
DA:205,0
DA:210,0
DA:211,0
DA:219,0
DA:228,0
DA:233,0
DA:234,0
DA:239,0
DA:254,0
DA:255,0
DA:256,0
LF:68
LH:8
end_of_record
SF:lib\screens\login_screen.dart
DA:9,2
DA:11,1
DA:12,1
DA:21,1
DA:23,1
DA:26,0
DA:27,0
DA:28,0
DA:29,0
DA:32,0
DA:33,0
DA:34,0
DA:37,0
DA:38,0
DA:39,0
DA:40,0
DA:42,0
DA:43,0
DA:44,0
DA:45,0
DA:46,0
DA:47,0
DA:48,0
DA:49,0
DA:52,0
DA:53,0
DA:54,0
DA:60,0
DA:61,0
DA:62,0
DA:64,0
DA:65,0
DA:66,0
DA:67,0
DA:69,0
DA:71,0
DA:75,0
DA:76,0
DA:79,0
DA:86,0
DA:87,0
DA:88,0
DA:91,0
DA:92,0
DA:93,0
DA:94,0
DA:96,0
DA:97,0
DA:99,0
DA:100,0
DA:101,0
DA:102,0
DA:103,0
DA:104,0
DA:105,0
DA:118,1
DA:120,1
DA:121,1
DA:129,1
DA:130,1
DA:132,1
DA:134,1
DA:135,1
DA:160,1
DA:162,1
DA:164,1
DA:173,1
DA:174,1
DA:175,1
DA:176,1
DA:177,1
DA:178,1
DA:180,1
DA:186,1
DA:187,1
DA:190,1
DA:192,0
DA:193,0
DA:196,0
DA:203,1
DA:204,1
DA:206,1
DA:212,1
DA:213,1
DA:216,1
DA:218,0
DA:219,0
DA:222,0
DA:228,1
DA:230,1
DA:231,1
DA:239,1
DA:240,2
DA:241,1
DA:244,1
DA:245,1
DA:250,1
DA:263,1
DA:264,0
DA:265,0
DA:267,0
DA:268,0
LF:102
LH:42
end_of_record
SF:lib\screens\home_screen.dart
DA:18,3
DA:20,0
DA:21,0
DA:36,0
DA:38,0
DA:39,0
DA:40,0
DA:41,0
DA:45,0
DA:46,0
DA:47,0
DA:48,0
DA:49,0
DA:50,0
DA:51,0
DA:52,0
DA:53,0
DA:55,0
DA:56,0
DA:57,0
DA:58,0
DA:60,0
DA:61,0
DA:62,0
DA:67,0
DA:69,0
DA:70,0
DA:71,0
DA:73,0
DA:77,0
DA:78,0
DA:79,0
DA:80,0
DA:81,0
DA:83,0
DA:84,0
DA:87,0
DA:89,0
DA:90,0
DA:94,0
DA:95,0
DA:96,0
DA:97,0
DA:98,0
DA:99,0
DA:104,0
DA:105,0
DA:106,0
DA:108,0
DA:111,0
DA:112,0
DA:113,0
DA:116,0
DA:117,0
DA:124,0
DA:125,0
DA:126,0
DA:127,0
DA:128,0
DA:129,0
DA:130,0
DA:135,0
DA:137,0
DA:138,0
DA:139,0
DA:142,0
DA:144,0
DA:145,0
DA:146,0
DA:147,0
DA:150,0
DA:152,0
DA:153,0
DA:154,0
DA:158,0
DA:159,0
DA:160,0
DA:161,0
DA:162,0
DA:164,0
DA:166,0
DA:173,0
DA:174,0
DA:175,0
DA:176,0
DA:177,0
DA:178,0
DA:179,0
DA:180,0
DA:181,0
DA:182,0
DA:183,0
DA:184,0
DA:185,0
DA:187,0
DA:189,0
DA:192,0
DA:195,0
DA:196,0
DA:198,0
DA:199,0
DA:200,0
DA:201,0
DA:202,0
DA:205,0
DA:206,0
DA:207,0
DA:208,0
DA:209,0
DA:210,0
DA:211,0
DA:212,0
DA:213,0
DA:218,0
DA:219,0
DA:222,0
DA:223,0
DA:224,0
DA:225,0
DA:226,0
DA:227,0
DA:228,0
DA:229,0
DA:231,0
DA:235,0
DA:237,0
DA:239,0
DA:246,0
DA:247,0
DA:249,0
DA:253,0
DA:261,0
DA:262,0
DA:264,0
DA:268,0
DA:269,0
DA:279,0
DA:280,0
DA:281,0
DA:282,0
DA:283,0
DA:285,0
DA:291,0
DA:292,0
DA:297,0
DA:298,0
DA:299,0
DA:306,0
DA:307,0
DA:313,0
DA:314,0
DA:324,0
DA:325,0
DA:326,0
DA:332,0
DA:339,0
DA:342,0
DA:343,0
DA:344,0
DA:345,0
DA:349,0
DA:353,0
DA:354,0
DA:358,0
DA:374,0
DA:376,0
DA:378,0
DA:381,0
DA:382,0
DA:383,0
DA:384,0
DA:385,0
DA:386,0
DA:387,0
DA:393,0
DA:405,0
DA:413,0
DA:415,0
DA:416,0
DA:417,0
DA:418,0
DA:419,0
DA:420,0
DA:421,0
DA:423,0
DA:438,0
DA:446,0
DA:447,0
DA:455,0
DA:457,0
DA:458,0
DA:462,0
DA:464,0
DA:465,0
DA:466,0
DA:469,0
DA:470,0
DA:472,0
DA:474,0
DA:475,0
DA:476,0
DA:477,0
DA:479,0
DA:480,0
DA:483,0
DA:485,0
DA:486,0
DA:489,0
DA:491,0
DA:493,0
DA:494,0
DA:495,0
DA:498,0
DA:499,0
DA:500,0
DA:501,0
DA:502,0
DA:503,0
DA:504,0
DA:506,0
DA:507,0
DA:508,0
DA:527,0
DA:528,0
DA:530,0
DA:540,0
DA:541,0
DA:549,0
DA:551,0
DA:552,0
DA:553,0
DA:556,0
DA:557,0
DA:558,0
DA:577,0
DA:579,0
DA:581,0
DA:582,0
DA:584,0
DA:585,0
DA:586,0
DA:587,0
DA:589,0
DA:590,0
DA:591,0
DA:592,0
DA:593,0
DA:595,0
DA:596,0
DA:597,0
DA:598,0
DA:599,0
DA:605,0
DA:606,0
LF:254
LH:1
end_of_record
SF:lib\services\smart_water_reminder.dart
DA:16,0
DA:17,0
DA:31,0
DA:32,0
DA:33,0
DA:36,0
DA:37,0
DA:39,0
DA:40,0
DA:42,0
DA:46,0
DA:47,0
DA:48,0
DA:49,0
DA:51,0
DA:52,0
DA:54,0
DA:55,0
DA:56,0
DA:60,0
DA:62,0
DA:63,0
DA:65,0
DA:67,0
DA:68,0
DA:72,0
DA:74,0
DA:75,0
DA:76,0
DA:77,0
DA:78,0
DA:79,0
DA:80,0
DA:81,0
DA:82,0
DA:85,0
DA:88,0
DA:97,0
DA:98,0
DA:99,0
DA:102,0
DA:104,0
DA:105,0
DA:107,0
DA:109,0
DA:113,0
DA:117,0
DA:118,0
DA:119,0
DA:121,0
DA:123,0
DA:127,0
DA:131,0
DA:133,0
DA:136,0
DA:141,0
DA:144,0
DA:145,0
DA:148,0
DA:153,0
DA:154,0
DA:156,0
DA:157,0
DA:159,0
DA:165,0
DA:166,0
LF:66
LH:0
end_of_record
SF:lib\screens\register_screen.dart
DA:6,1
DA:8,0
DA:9,0
DA:20,0
DA:21,0
DA:22,0
DA:24,0
DA:25,0
DA:26,0
DA:28,0
DA:29,0
DA:32,0
DA:33,0
DA:34,0
DA:37,0
DA:38,0
DA:39,0
DA:40,0
DA:44,0
DA:45,0
DA:50,0
DA:52,0
DA:53,0
DA:61,0
DA:62,0
DA:64,0
DA:66,0
DA:67,0
DA:90,0
DA:93,0
DA:95,0
DA:104,0
DA:105,0
DA:106,0
DA:107,0
DA:109,0
DA:110,0
DA:112,0
DA:118,0
DA:119,0
DA:122,0
DA:124,0
DA:125,0
DA:128,0
DA:137,0
DA:138,0
DA:140,0
DA:146,0
DA:147,0
DA:150,0
DA:152,0
DA:153,0
DA:156,0
DA:165,0
DA:166,0
DA:168,0
DA:174,0
DA:175,0
DA:178,0
DA:180,0
DA:181,0
DA:184,0
DA:193,0
DA:194,0
DA:195,0
DA:198,0
DA:199,0
DA:205,0
DA:220,0
DA:221,0
LF:70
LH:1
end_of_record
